[2023-02-28T05:41:08.529228+01:00] Daudhidayatramadhan\BelajarPhpLogger\HandlerTest.INFO: Belajar PHP logging  [] []
[2023-02-28T05:41:08.565692+01:00] Daudhidayatramadhan\BelajarPhpLogger\HandlerTest.INFO: Selamat Datang Daud Hidayat Ramadhan [] []
[2023-02-28T05:42:33.426739+01:00] Daudhidayatramadhan\BelajarPhpLogger\HandlerTest.INFO: Belajar PHP logging  [] []
[2023-02-28T05:42:33.428108+01:00] Daudhidayatramadhan\BelajarPhpLogger\HandlerTest.INFO: Selamat Datang Daud Hidayat Ramadhan [] []
[2023-02-28T15:07:40.988294+01:00] Daudhidayatramadhan\BelajarPhpLogger\LevelTest.DEBUG: this is debug [] []
[2023-02-28T15:07:40.992054+01:00] Daudhidayatramadhan\BelajarPhpLogger\LevelTest.INFO: this is info [] []
[2023-02-28T15:07:40.992177+01:00] Daudhidayatramadhan\BelajarPhpLogger\LevelTest.NOTICE: this is notice [] []
[2023-02-28T15:07:40.992283+01:00] Daudhidayatramadhan\BelajarPhpLogger\LevelTest.WARNING: this is warning [] []
[2023-02-28T15:07:40.992389+01:00] Daudhidayatramadhan\BelajarPhpLogger\LevelTest.ERROR: this is error [] []
[2023-02-28T15:07:40.993085+01:00] Daudhidayatramadhan\BelajarPhpLogger\LevelTest.CRITICAL: this is critical [] []
[2023-02-28T15:07:40.993376+01:00] Daudhidayatramadhan\BelajarPhpLogger\LevelTest.ALERT: this is alert [] []
[2023-02-28T15:07:40.993647+01:00] Daudhidayatramadhan\BelajarPhpLogger\LevelTest.EMERGENCY: this is emergency [] []
[2023-02-28T16:40:55.206299+01:00] Daudhidayatramadhan\BelajarPhpLogger\LevelTest.DEBUG: this is debug [] []
[2023-02-28T16:40:55.212074+01:00] Daudhidayatramadhan\BelajarPhpLogger\LevelTest.INFO: this is info [] []
[2023-02-28T16:40:55.212200+01:00] Daudhidayatramadhan\BelajarPhpLogger\LevelTest.NOTICE: this is notice [] []
[2023-02-28T16:40:55.212309+01:00] Daudhidayatramadhan\BelajarPhpLogger\LevelTest.WARNING: this is warning [] []
[2023-02-28T16:40:55.212430+01:00] Daudhidayatramadhan\BelajarPhpLogger\LevelTest.ERROR: this is error [] []
[2023-02-28T16:40:55.212915+01:00] Daudhidayatramadhan\BelajarPhpLogger\LevelTest.CRITICAL: this is critical [] []
[2023-02-28T16:40:55.213080+01:00] Daudhidayatramadhan\BelajarPhpLogger\LevelTest.ALERT: this is alert [] []
[2023-02-28T16:40:55.213361+01:00] Daudhidayatramadhan\BelajarPhpLogger\LevelTest.EMERGENCY: this is emergency [] []
[2023-02-28T17:09:39.265871+01:00] Daudhidayatramadhan\BelajarPhpLogger\LevelTest.DEBUG: this is debug [] []
[2023-02-28T17:09:39.269467+01:00] Daudhidayatramadhan\BelajarPhpLogger\LevelTest.INFO: this is info [] []
[2023-02-28T17:09:39.269710+01:00] Daudhidayatramadhan\BelajarPhpLogger\LevelTest.NOTICE: this is notice [] []
[2023-02-28T17:09:39.270020+01:00] Daudhidayatramadhan\BelajarPhpLogger\LevelTest.WARNING: this is warning [] []
[2023-02-28T17:09:39.270282+01:00] Daudhidayatramadhan\BelajarPhpLogger\LevelTest.ERROR: this is error [] []
[2023-02-28T17:09:39.272537+01:00] Daudhidayatramadhan\BelajarPhpLogger\LevelTest.CRITICAL: this is critical [] []
[2023-02-28T17:09:39.273499+01:00] Daudhidayatramadhan\BelajarPhpLogger\LevelTest.ALERT: this is alert [] []
[2023-02-28T17:09:39.273920+01:00] Daudhidayatramadhan\BelajarPhpLogger\LevelTest.EMERGENCY: this is emergency [] []
[2023-02-28T17:11:31.584217+01:00] Daudhidayatramadhan\BelajarPhpLogger\LevelTest.DEBUG: this is debug [] []
[2023-02-28T17:11:31.586114+01:00] Daudhidayatramadhan\BelajarPhpLogger\LevelTest.INFO: this is info [] []
[2023-02-28T17:11:31.586257+01:00] Daudhidayatramadhan\BelajarPhpLogger\LevelTest.NOTICE: this is notice [] []
[2023-02-28T17:11:31.586402+01:00] Daudhidayatramadhan\BelajarPhpLogger\LevelTest.WARNING: this is warning [] []
[2023-02-28T17:11:31.586535+01:00] Daudhidayatramadhan\BelajarPhpLogger\LevelTest.ERROR: this is error [] []
[2023-02-28T17:11:31.586943+01:00] Daudhidayatramadhan\BelajarPhpLogger\LevelTest.CRITICAL: this is critical [] []
[2023-02-28T17:11:31.587145+01:00] Daudhidayatramadhan\BelajarPhpLogger\LevelTest.ALERT: this is alert [] []
[2023-02-28T17:11:31.587457+01:00] Daudhidayatramadhan\BelajarPhpLogger\LevelTest.EMERGENCY: this is emergency [] []
[2023-02-28T17:12:02.282079+01:00] Daudhidayatramadhan\BelajarPhpLogger\LevelTest.DEBUG: this is debug [] []
[2023-02-28T17:12:02.283840+01:00] Daudhidayatramadhan\BelajarPhpLogger\LevelTest.INFO: this is info [] []
[2023-02-28T17:12:02.284055+01:00] Daudhidayatramadhan\BelajarPhpLogger\LevelTest.NOTICE: this is notice [] []
[2023-02-28T17:12:02.284332+01:00] Daudhidayatramadhan\BelajarPhpLogger\LevelTest.WARNING: this is warning [] []
[2023-02-28T17:12:02.284545+01:00] Daudhidayatramadhan\BelajarPhpLogger\LevelTest.ERROR: this is error [] []
[2023-02-28T17:12:02.285327+01:00] Daudhidayatramadhan\BelajarPhpLogger\LevelTest.CRITICAL: this is critical [] []
[2023-02-28T17:12:02.285587+01:00] Daudhidayatramadhan\BelajarPhpLogger\LevelTest.ALERT: this is alert [] []
[2023-02-28T17:12:02.285983+01:00] Daudhidayatramadhan\BelajarPhpLogger\LevelTest.EMERGENCY: this is emergency [] []
